Starting hyperparameter optimization with Optuna, leave-one-out cross-validation...
Running Optuna study...
[I 2025-09-22 10:59:05,246] Using an existing study with name 'trial_optuna_cv' instead of creating a new one.
Using an existing study with name 'trial_optuna_cv' instead of creating a new one.
Initializing model...
Loading data...
Loading data from /nfs/research/irene/ysong/RESULTS/GeneCellType/GeneSpectra/MTG/CellGraphX/CellGraphX/data/mtg_all_sp_wilcox_data_with_og_ct_name.pt ...
/nfs/research/irene/ysong/RESULTS/GeneCellType/GeneSpectra/MTG/CellGraphX/CellGraphX/data/data_loader.py:21: FutureWarning: You are using `torch.load` with `weights_only=False` (the current default value), which uses the default pickle module implicitly. It is possible to construct malicious pickle data which will execute arbitrary code during unpickling (See https://github.com/pytorch/pytorch/blob/main/SECURITY.md#untrusted-models for more details). In a future release, the default value for `weights_only` will be flipped to `True`. This limits the functions that could be executed during unpickling. Arbitrary objects will no longer be allowed to be loaded via this mode unless they are explicitly allowlisted by the user via `torch.serialization.add_safe_globals`. We recommend you start setting `weights_only=True` for any use case where you don't have full control of the loaded file. Please open an issue on GitHub for any issues related to this experimental feature.
  data = torch.load(data_path)
This is the HeteroData you are working with:
HeteroData(
  species_origin_index={
    0='H.sapiens',
    1='H.sapiens',
    2='H.sapiens',
    3='H.sapiens',
    4='H.sapiens',
    5='H.sapiens',
    6='H.sapiens',
    7='H.sapiens',
    8='H.sapiens',
    9='H.sapiens',
    10='H.sapiens',
    11='H.sapiens',
    12='H.sapiens',
    13='H.sapiens',
    14='H.sapiens',
    15='H.sapiens',
    16='H.sapiens',
    17='H.sapiens',
    18='H.sapiens',
    19='H.sapiens',
    20='H.sapiens',
    21='H.sapiens',
    22='H.sapiens',
    23='H.sapiens',
    24='M.mulatta',
    25='M.mulatta',
    26='M.mulatta',
    27='M.mulatta',
    28='M.mulatta',
    29='M.mulatta',
    30='M.mulatta',
    31='M.mulatta',
    32='M.mulatta',
    33='M.mulatta',
    34='M.mulatta',
    35='M.mulatta',
    36='M.mulatta',
    37='M.mulatta',
    38='M.mulatta',
    39='M.mulatta',
    40='M.mulatta',
    41='M.mulatta',
    42='M.mulatta',
    43='M.mulatta',
    44='M.mulatta',
    45='M.mulatta',
    46='M.mulatta',
    47='M.mulatta',
    48='C.jacchus',
    49='C.jacchus',
    50='C.jacchus',
    51='C.jacchus',
    52='C.jacchus',
    53='C.jacchus',
    54='C.jacchus',
    55='C.jacchus',
    56='C.jacchus',
    57='C.jacchus',
    58='C.jacchus',
    59='C.jacchus',
    60='C.jacchus',
    61='C.jacchus',
    62='C.jacchus',
    63='C.jacchus',
    64='C.jacchus',
    65='C.jacchus',
    66='C.jacchus',
    67='C.jacchus',
    68='C.jacchus',
    69='C.jacchus',
    70='C.jacchus',
    71='C.jacchus',
    72='P.troglodytes',
    73='P.troglodytes',
    74='P.troglodytes',
    75='P.troglodytes',
    76='P.troglodytes',
    77='P.troglodytes',
    78='P.troglodytes',
    79='P.troglodytes',
    80='P.troglodytes',
    81='P.troglodytes',
    82='P.troglodytes',
    83='P.troglodytes',
    84='P.troglodytes',
    85='P.troglodytes',
    86='P.troglodytes',
    87='P.troglodytes',
    88='P.troglodytes',
    89='P.troglodytes',
    90='P.troglodytes',
    91='P.troglodytes',
    92='P.troglodytes',
    93='P.troglodytes',
    94='P.troglodytes',
    95='P.troglodytes',
    96='G.gorilla',
    97='G.gorilla',
    98='G.gorilla',
    99='G.gorilla',
    100='G.gorilla',
    101='G.gorilla',
    102='G.gorilla',
    103='G.gorilla',
    104='G.gorilla',
    105='G.gorilla',
    106='G.gorilla',
    107='G.gorilla',
    108='G.gorilla',
    109='G.gorilla',
    110='G.gorilla',
    111='G.gorilla',
    112='G.gorilla',
    113='G.gorilla',
    114='G.gorilla',
    115='G.gorilla',
    116='G.gorilla',
    117='G.gorilla',
    118='G.gorilla',
    119='G.gorilla',
  },
  cell_type_index_mapping={
    Astro=0,
    Chandelier=1,
    Endo=2,
    L2-3 IT=3,
    L4 IT=4,
    L5 ET=5,
    L5 IT=6,
    L5-6 NP=7,
    L6 CT=8,
    L6 IT=9,
    L6 IT Car3=10,
    L6b=11,
    Lamp5=12,
    Lamp5_Lhx6=13,
    Micro-PVM=14,
    OPC=15,
    Oligo=16,
    Pax6=17,
    Pvalb=18,
    Sncg=19,
    Sst=20,
    Sst Chodl=21,
    VLMC=22,
    Vip=23,
  },
  cell_type={
    x=[120, 120],
    y=[120],
  },
  gene={ x=[92549, 29954] },
  orthologous_group={ x=[14948, 14948] },
  (gene, is_wilcox_marker_of, cell_type)={
    edge_index=[2, 17520],
    edge_weights=[17520],
  },
  (cell_type, rev_is_wilcox_marker_of, gene)={
    edge_index=[2, 17520],
    edge_weights=[17520],
  },
  (gene, is_in, orthologous_group)={ edge_index=[2, 49548] },
  (orthologous_group, rev_is_in, gene)={ edge_index=[2, 49548] }
)
Leave one out CV, val species at the moment is: H.sapiens
Split train val and test species
Initializing trainer...
Using device: cuda
hidden_channels: 256, dropout: 0.27109940243851977, lr: 0.001346273929059315, weight_decay: 0.00011436738992772692
2025-09-22 10:59:26,356 - INFO - Epoch 1/100
2025-09-22 10:59:38,172 - INFO - Train Loss: 100.7449 | Train Acc: 0.0729 | Val Acc: 0.0417 | Test Acc: 0.0417
2025-09-22 10:59:40,318 - INFO - Checkpoint saved to ./logs/optuna_trial_10/best.pt
2025-09-22 10:59:42,687 - INFO - Checkpoint saved to ./logs/optuna_trial_10/latest.pt
2025-09-22 10:59:42,687 - INFO - Epoch 2/100
2025-09-22 10:59:53,893 - INFO - Train Loss: 76.9467 | Train Acc: 0.0417 | Val Acc: 0.0417 | Test Acc: 0.0417
2025-09-22 10:59:55,975 - INFO - Checkpoint saved to ./logs/optuna_trial_10/latest.pt
2025-09-22 10:59:55,975 - INFO - Epoch 3/100
2025-09-22 11:00:07,174 - INFO - Train Loss: 96.4799 | Train Acc: 0.0521 | Val Acc: 0.0417 | Test Acc: 0.0417
2025-09-22 11:00:09,340 - INFO - Checkpoint saved to ./logs/optuna_trial_10/latest.pt
2025-09-22 11:00:09,340 - INFO - Epoch 4/100
2025-09-22 11:00:20,491 - INFO - Train Loss: 77.3384 | Train Acc: 0.1979 | Val Acc: 0.0833 | Test Acc: 0.0833
2025-09-22 11:00:22,499 - INFO - Checkpoint saved to ./logs/optuna_trial_10/best.pt
2025-09-22 11:00:24,607 - INFO - Checkpoint saved to ./logs/optuna_trial_10/latest.pt
2025-09-22 11:00:24,607 - INFO - Epoch 5/100
2025-09-22 11:00:35,808 - INFO - Train Loss: 51.9990 | Train Acc: 0.3229 | Val Acc: 0.1250 | Test Acc: 0.1250
2025-09-22 11:00:37,760 - INFO - Checkpoint saved to ./logs/optuna_trial_10/best.pt
2025-09-22 11:00:39,849 - INFO - Checkpoint saved to ./logs/optuna_trial_10/latest.pt
2025-09-22 11:00:39,849 - INFO - Epoch 6/100
2025-09-22 11:00:51,034 - INFO - Train Loss: 30.5118 | Train Acc: 0.1875 | Val Acc: 0.0833 | Test Acc: 0.0833
2025-09-22 11:00:53,117 - INFO - Checkpoint saved to ./logs/optuna_trial_10/latest.pt
2025-09-22 11:00:53,117 - INFO - Epoch 7/100
2025-09-22 11:01:04,287 - INFO - Train Loss: 21.7301 | Train Acc: 0.1146 | Val Acc: 0.0417 | Test Acc: 0.0417
2025-09-22 11:01:06,316 - INFO - Checkpoint saved to ./logs/optuna_trial_10/latest.pt
2025-09-22 11:01:06,316 - INFO - Epoch 8/100
2025-09-22 11:01:17,489 - INFO - Train Loss: 16.1124 | Train Acc: 0.0729 | Val Acc: 0.0417 | Test Acc: 0.0417
2025-09-22 11:01:19,523 - INFO - Checkpoint saved to ./logs/optuna_trial_10/latest.pt
2025-09-22 11:01:19,524 - INFO - Epoch 9/100
2025-09-22 11:01:30,781 - INFO - Train Loss: 10.4835 | Train Acc: 0.0729 | Val Acc: 0.0417 | Test Acc: 0.0417
2025-09-22 11:01:32,800 - INFO - Checkpoint saved to ./logs/optuna_trial_10/latest.pt
2025-09-22 11:01:32,800 - INFO - Epoch 10/100
2025-09-22 11:01:44,025 - INFO - Train Loss: 6.9766 | Train Acc: 0.1875 | Val Acc: 0.1250 | Test Acc: 0.1250
2025-09-22 11:01:45,966 - INFO - Checkpoint saved to ./logs/optuna_trial_10/latest.pt
2025-09-22 11:01:45,966 - INFO - Epoch 11/100
2025-09-22 11:01:57,297 - INFO - Train Loss: 3.0713 | Train Acc: 0.2292 | Val Acc: 0.1250 | Test Acc: 0.1250
2025-09-22 11:01:59,278 - INFO - Checkpoint saved to ./logs/optuna_trial_10/latest.pt
2025-09-22 11:01:59,278 - INFO - Epoch 12/100
2025-09-22 11:02:10,492 - INFO - Train Loss: 2.8656 | Train Acc: 0.2396 | Val Acc: 0.1250 | Test Acc: 0.1250
2025-09-22 11:02:12,589 - INFO - Checkpoint saved to ./logs/optuna_trial_10/latest.pt
2025-09-22 11:02:12,589 - INFO - Epoch 13/100
2025-09-22 11:02:23,828 - INFO - Train Loss: 2.6124 | Train Acc: 0.2396 | Val Acc: 0.1667 | Test Acc: 0.1667
2025-09-22 11:02:25,886 - INFO - Checkpoint saved to ./logs/optuna_trial_10/best.pt
2025-09-22 11:02:27,913 - INFO - Checkpoint saved to ./logs/optuna_trial_10/latest.pt
2025-09-22 11:02:27,914 - INFO - Epoch 14/100
2025-09-22 11:02:39,128 - INFO - Train Loss: 2.3353 | Train Acc: 0.2396 | Val Acc: 0.1667 | Test Acc: 0.1667
2025-09-22 11:02:41,237 - INFO - Checkpoint saved to ./logs/optuna_trial_10/latest.pt
2025-09-22 11:02:41,238 - INFO - Epoch 15/100
2025-09-22 11:02:52,430 - INFO - Train Loss: 2.0459 | Train Acc: 0.2396 | Val Acc: 0.1667 | Test Acc: 0.1667
2025-09-22 11:02:54,476 - INFO - Checkpoint saved to ./logs/optuna_trial_10/latest.pt
2025-09-22 11:02:54,476 - INFO - Epoch 16/100
2025-09-22 11:03:05,684 - INFO - Train Loss: 1.7709 | Train Acc: 0.2500 | Val Acc: 0.1667 | Test Acc: 0.1667
2025-09-22 11:03:07,782 - INFO - Checkpoint saved to ./logs/optuna_trial_10/latest.pt
2025-09-22 11:03:07,782 - INFO - Epoch 17/100
2025-09-22 11:03:19,021 - INFO - Train Loss: 1.5130 | Train Acc: 0.2500 | Val Acc: 0.1667 | Test Acc: 0.1667
2025-09-22 11:03:21,003 - INFO - Checkpoint saved to ./logs/optuna_trial_10/latest.pt
2025-09-22 11:03:21,003 - INFO - Epoch 18/100
2025-09-22 11:03:32,201 - INFO - Train Loss: 1.2686 | Train Acc: 0.2500 | Val Acc: 0.2083 | Test Acc: 0.2083
2025-09-22 11:03:34,241 - INFO - Checkpoint saved to ./logs/optuna_trial_10/best.pt
2025-09-22 11:03:36,299 - INFO - Checkpoint saved to ./logs/optuna_trial_10/latest.pt
2025-09-22 11:03:36,299 - INFO - Epoch 19/100
2025-09-22 11:03:47,531 - INFO - Train Loss: 1.0461 | Train Acc: 0.2708 | Val Acc: 0.2083 | Test Acc: 0.2083
2025-09-22 11:03:49,763 - INFO - Checkpoint saved to ./logs/optuna_trial_10/latest.pt
2025-09-22 11:03:49,763 - INFO - Epoch 20/100
2025-09-22 11:04:00,985 - INFO - Train Loss: 0.8350 | Train Acc: 0.2708 | Val Acc: 0.2083 | Test Acc: 0.2083
2025-09-22 11:04:02,996 - INFO - Checkpoint saved to ./logs/optuna_trial_10/latest.pt
2025-09-22 11:04:02,996 - INFO - Epoch 21/100
2025-09-22 11:04:14,210 - INFO - Train Loss: 0.6494 | Train Acc: 0.2708 | Val Acc: 0.2083 | Test Acc: 0.2083
2025-09-22 11:04:16,125 - INFO - Checkpoint saved to ./logs/optuna_trial_10/latest.pt
2025-09-22 11:04:16,125 - INFO - Epoch 22/100
2025-09-22 11:04:27,333 - INFO - Train Loss: 0.6335 | Train Acc: 0.2812 | Val Acc: 0.2083 | Test Acc: 0.2083
2025-09-22 11:04:29,442 - INFO - Checkpoint saved to ./logs/optuna_trial_10/latest.pt
2025-09-22 11:04:29,443 - INFO - Epoch 23/100
2025-09-22 11:04:40,660 - INFO - Train Loss: 0.6177 | Train Acc: 0.2812 | Val Acc: 0.2083 | Test Acc: 0.2083
2025-09-22 11:04:42,734 - INFO - Checkpoint saved to ./logs/optuna_trial_10/latest.pt
2025-09-22 11:04:42,735 - INFO - Epoch 24/100
2025-09-22 11:04:53,934 - INFO - Train Loss: 0.6022 | Train Acc: 0.2812 | Val Acc: 0.2083 | Test Acc: 0.2083
2025-09-22 11:04:55,863 - INFO - Checkpoint saved to ./logs/optuna_trial_10/latest.pt
2025-09-22 11:04:55,863 - INFO - Epoch 25/100
2025-09-22 11:05:07,083 - INFO - Train Loss: 0.5867 | Train Acc: 0.2812 | Val Acc: 0.2083 | Test Acc: 0.2083
2025-09-22 11:05:09,210 - INFO - Checkpoint saved to ./logs/optuna_trial_10/latest.pt
2025-09-22 11:05:09,210 - INFO - Epoch 26/100
2025-09-22 11:05:20,405 - INFO - Train Loss: 0.5715 | Train Acc: 0.2812 | Val Acc: 0.2083 | Test Acc: 0.2083
2025-09-22 11:05:22,329 - INFO - Checkpoint saved to ./logs/optuna_trial_10/latest.pt
2025-09-22 11:05:22,329 - INFO - Epoch 27/100
2025-09-22 11:05:33,532 - INFO - Train Loss: 0.5563 | Train Acc: 0.2812 | Val Acc: 0.2083 | Test Acc: 0.2083
2025-09-22 11:05:35,542 - INFO - Checkpoint saved to ./logs/optuna_trial_10/latest.pt
2025-09-22 11:05:35,543 - INFO - Epoch 28/100
2025-09-22 11:05:46,746 - INFO - Train Loss: 0.5414 | Train Acc: 0.2812 | Val Acc: 0.2083 | Test Acc: 0.2083
2025-09-22 11:05:48,674 - INFO - Checkpoint saved to ./logs/optuna_trial_10/latest.pt
2025-09-22 11:05:48,675 - INFO - Epoch 29/100
2025-09-22 11:05:59,869 - INFO - Train Loss: 0.5266 | Train Acc: 0.2812 | Val Acc: 0.2083 | Test Acc: 0.2083
2025-09-22 11:06:01,874 - INFO - Checkpoint saved to ./logs/optuna_trial_10/latest.pt
2025-09-22 11:06:01,875 - INFO - Epoch 30/100
2025-09-22 11:06:13,093 - INFO - Train Loss: 0.5118 | Train Acc: 0.2812 | Val Acc: 0.2083 | Test Acc: 0.2083
2025-09-22 11:06:15,064 - INFO - Checkpoint saved to ./logs/optuna_trial_10/latest.pt
2025-09-22 11:06:15,065 - INFO - Epoch 31/100
2025-09-22 11:06:26,245 - INFO - Train Loss: 0.4971 | Train Acc: 0.2812 | Val Acc: 0.2083 | Test Acc: 0.2083
2025-09-22 11:06:28,318 - INFO - Checkpoint saved to ./logs/optuna_trial_10/latest.pt
2025-09-22 11:06:28,319 - INFO - Epoch 32/100
2025-09-22 11:06:39,518 - INFO - Train Loss: 0.4956 | Train Acc: 0.2812 | Val Acc: 0.2083 | Test Acc: 0.2083
2025-09-22 11:06:41,550 - INFO - Checkpoint saved to ./logs/optuna_trial_10/latest.pt
2025-09-22 11:06:41,550 - INFO - Epoch 33/100
2025-09-22 11:06:52,754 - INFO - Train Loss: 0.4941 | Train Acc: 0.2812 | Val Acc: 0.2083 | Test Acc: 0.2083
2025-09-22 11:06:54,766 - INFO - Checkpoint saved to ./logs/optuna_trial_10/latest.pt
2025-09-22 11:06:54,767 - INFO - Epoch 34/100
2025-09-22 11:07:05,987 - INFO - Train Loss: 0.4926 | Train Acc: 0.2812 | Val Acc: 0.2083 | Test Acc: 0.2083
2025-09-22 11:07:08,038 - INFO - Checkpoint saved to ./logs/optuna_trial_10/latest.pt
2025-09-22 11:07:08,039 - INFO - Epoch 35/100
2025-09-22 11:07:19,274 - INFO - Train Loss: 0.4911 | Train Acc: 0.2812 | Val Acc: 0.2083 | Test Acc: 0.2083
2025-09-22 11:07:21,167 - INFO - Checkpoint saved to ./logs/optuna_trial_10/latest.pt
2025-09-22 11:07:21,167 - INFO - Epoch 36/100
2025-09-22 11:07:32,379 - INFO - Train Loss: 0.4896 | Train Acc: 0.2812 | Val Acc: 0.2083 | Test Acc: 0.2083
2025-09-22 11:07:34,491 - INFO - Checkpoint saved to ./logs/optuna_trial_10/latest.pt
2025-09-22 11:07:34,492 - INFO - Epoch 37/100
2025-09-22 11:07:45,699 - INFO - Train Loss: 0.4881 | Train Acc: 0.2812 | Val Acc: 0.2083 | Test Acc: 0.2083
2025-09-22 11:07:47,782 - INFO - Checkpoint saved to ./logs/optuna_trial_10/latest.pt
2025-09-22 11:07:47,783 - INFO - Epoch 38/100
2025-09-22 11:07:58,982 - INFO - Train Loss: 0.4865 | Train Acc: 0.2812 | Val Acc: 0.2083 | Test Acc: 0.2083
2025-09-22 11:08:00,987 - INFO - Checkpoint saved to ./logs/optuna_trial_10/latest.pt
2025-09-22 11:08:00,988 - INFO - Epoch 39/100
2025-09-22 11:08:12,199 - INFO - Train Loss: 0.4850 | Train Acc: 0.2812 | Val Acc: 0.2083 | Test Acc: 0.2083
2025-09-22 11:08:14,237 - INFO - Checkpoint saved to ./logs/optuna_trial_10/latest.pt
2025-09-22 11:08:14,238 - INFO - Epoch 40/100
2025-09-22 11:08:25,481 - INFO - Train Loss: 0.4834 | Train Acc: 0.2812 | Val Acc: 0.2083 | Test Acc: 0.2083
2025-09-22 11:08:27,536 - INFO - Checkpoint saved to ./logs/optuna_trial_10/latest.pt
2025-09-22 11:08:27,536 - INFO - Epoch 41/100
2025-09-22 11:08:38,765 - INFO - Train Loss: 0.4818 | Train Acc: 0.2812 | Val Acc: 0.2083 | Test Acc: 0.2083
2025-09-22 11:08:40,760 - INFO - Checkpoint saved to ./logs/optuna_trial_10/latest.pt
2025-09-22 11:08:40,761 - INFO - Epoch 42/100
2025-09-22 11:08:51,979 - INFO - Train Loss: 0.4817 | Train Acc: 0.2812 | Val Acc: 0.2083 | Test Acc: 0.2083
2025-09-22 11:08:53,888 - INFO - Checkpoint saved to ./logs/optuna_trial_10/latest.pt
2025-09-22 11:08:53,888 - INFO - Epoch 43/100
2025-09-22 11:09:05,109 - INFO - Train Loss: 0.4815 | Train Acc: 0.2812 | Val Acc: 0.2083 | Test Acc: 0.2083
2025-09-22 11:09:07,131 - INFO - Checkpoint saved to ./logs/optuna_trial_10/latest.pt
2025-09-22 11:09:07,131 - INFO - Epoch 44/100
2025-09-22 11:09:18,343 - INFO - Train Loss: 0.4813 | Train Acc: 0.2812 | Val Acc: 0.2083 | Test Acc: 0.2083
2025-09-22 11:09:20,348 - INFO - Checkpoint saved to ./logs/optuna_trial_10/latest.pt
2025-09-22 11:09:20,348 - INFO - Epoch 45/100
2025-09-22 11:09:31,552 - INFO - Train Loss: 0.4812 | Train Acc: 0.2812 | Val Acc: 0.2083 | Test Acc: 0.2083
2025-09-22 11:09:33,585 - INFO - Checkpoint saved to ./logs/optuna_trial_10/latest.pt
2025-09-22 11:09:33,585 - INFO - Epoch 46/100
2025-09-22 11:09:44,772 - INFO - Train Loss: 0.4810 | Train Acc: 0.2812 | Val Acc: 0.2083 | Test Acc: 0.2083
2025-09-22 11:09:46,763 - INFO - Checkpoint saved to ./logs/optuna_trial_10/latest.pt
2025-09-22 11:09:46,763 - INFO - Epoch 47/100
2025-09-22 11:09:57,970 - INFO - Train Loss: 0.4808 | Train Acc: 0.2812 | Val Acc: 0.2083 | Test Acc: 0.2083
2025-09-22 11:10:00,092 - INFO - Checkpoint saved to ./logs/optuna_trial_10/latest.pt
2025-09-22 11:10:00,092 - INFO - Epoch 48/100
2025-09-22 11:10:11,312 - INFO - Train Loss: 0.4807 | Train Acc: 0.2812 | Val Acc: 0.2083 | Test Acc: 0.2083
2025-09-22 11:10:13,528 - INFO - Checkpoint saved to ./logs/optuna_trial_10/latest.pt
2025-09-22 11:10:13,528 - INFO - Epoch 49/100
2025-09-22 11:10:24,738 - INFO - Train Loss: 0.4805 | Train Acc: 0.2812 | Val Acc: 0.2083 | Test Acc: 0.2083
2025-09-22 11:10:26,705 - INFO - Checkpoint saved to ./logs/optuna_trial_10/latest.pt
2025-09-22 11:10:26,705 - INFO - Epoch 50/100
2025-09-22 11:10:37,908 - INFO - Train Loss: 0.4803 | Train Acc: 0.2812 | Val Acc: 0.2083 | Test Acc: 0.2083
2025-09-22 11:10:39,939 - INFO - Checkpoint saved to ./logs/optuna_trial_10/latest.pt
2025-09-22 11:10:39,940 - INFO - Epoch 51/100
2025-09-22 11:10:51,145 - INFO - Train Loss: 0.4802 | Train Acc: 0.2812 | Val Acc: 0.2083 | Test Acc: 0.2083
2025-09-22 11:10:53,064 - INFO - Checkpoint saved to ./logs/optuna_trial_10/latest.pt
2025-09-22 11:10:53,064 - INFO - Epoch 52/100
2025-09-22 11:11:04,269 - INFO - Train Loss: 0.4801 | Train Acc: 0.2812 | Val Acc: 0.2083 | Test Acc: 0.2083
2025-09-22 11:11:06,283 - INFO - Checkpoint saved to ./logs/optuna_trial_10/latest.pt
2025-09-22 11:11:06,283 - INFO - Epoch 53/100
2025-09-22 11:11:17,485 - INFO - Train Loss: 0.4801 | Train Acc: 0.2812 | Val Acc: 0.2083 | Test Acc: 0.2083
2025-09-22 11:11:19,491 - INFO - Checkpoint saved to ./logs/optuna_trial_10/latest.pt
2025-09-22 11:11:19,491 - INFO - Epoch 54/100
2025-09-22 11:11:30,708 - INFO - Train Loss: 0.4801 | Train Acc: 0.2812 | Val Acc: 0.2083 | Test Acc: 0.2083
2025-09-22 11:11:32,665 - INFO - Checkpoint saved to ./logs/optuna_trial_10/latest.pt
2025-09-22 11:11:32,665 - INFO - Epoch 55/100
2025-09-22 11:11:43,884 - INFO - Train Loss: 0.4801 | Train Acc: 0.2812 | Val Acc: 0.2083 | Test Acc: 0.2083
2025-09-22 11:11:45,914 - INFO - Checkpoint saved to ./logs/optuna_trial_10/latest.pt
2025-09-22 11:11:45,915 - INFO - Epoch 56/100
2025-09-22 11:11:57,144 - INFO - Train Loss: 0.4801 | Train Acc: 0.2812 | Val Acc: 0.2083 | Test Acc: 0.2083
2025-09-22 11:11:59,211 - INFO - Checkpoint saved to ./logs/optuna_trial_10/latest.pt
2025-09-22 11:11:59,212 - INFO - Epoch 57/100
2025-09-22 11:12:10,415 - INFO - Train Loss: 0.4801 | Train Acc: 0.2812 | Val Acc: 0.2083 | Test Acc: 0.2083
2025-09-22 11:12:12,478 - INFO - Checkpoint saved to ./logs/optuna_trial_10/latest.pt
2025-09-22 11:12:12,478 - INFO - Epoch 58/100
2025-09-22 11:12:23,681 - INFO - Train Loss: 0.4800 | Train Acc: 0.2812 | Val Acc: 0.2083 | Test Acc: 0.2083
2025-09-22 11:12:25,700 - INFO - Checkpoint saved to ./logs/optuna_trial_10/latest.pt
2025-09-22 11:12:25,701 - INFO - Epoch 59/100
